#
# There is insufficient memory for the Java Runtime Environment to continue.
# Native memory allocation (malloc) failed to allocate 1048576 bytes for AllocateHeap
# Possible reasons:
#   The system is out of physical RAM or swap space
#   In 32 bit mode, the process size limit was hit
# Possible solutions:
#   Reduce memory load on the system
#   Increase physical memory or swap space
#   Check if swap backing store is full
#   Use 64 bit Java on a 64 bit OS
#   Decrease Java heap size (-Xmx/-Xms)
#   Decrease number of Java threads
#   Decrease Java thread stack sizes (-Xss)
#   Set larger code cache with -XX:ReservedCodeCacheSize=
# This output file may be truncated or incomplete.
#
#  Out of Memory Error (memory/allocation.inline.hpp:61), pid=7232, tid=0x0000000000003dec
#
# JRE version:  (8.0_151-b12) (build )
# Java VM: Java HotSpot(TM) 64-Bit Server VM (25.151-b12 mixed mode windows-amd64 compressed oops)
# Failed to write core dump. Minidumps are not enabled by default on client versions of Windows
#

---------------  T H R E A D  ---------------

Current thread (0x000000000312e000):  JavaThread "Unknown thread" [_thread_in_vm, id=15852, stack(0x0000000002f60000,0x0000000003060000)]

Stack: [0x0000000002f60000,0x0000000003060000]
[error occurred during error reporting (printing stack bounds), id 0xc0000005]

Native frames: (J=compiled Java code, j=interpreted, Vv=VM code, C=native code)


---------------  P R O C E S S  ---------------

Java Threads: ( => current thread )

Other Threads:

=>0x000000000312e000 (exited) JavaThread "Unknown thread" [_thread_in_vm, id=15852, stack(0x0000000002f60000,0x0000000003060000)]

VM state:not at safepoint (normal execution)

VM Mutex/Monitor currently owned by a thread: None

Heap:
 PSYoungGen      total 38400K, used 665K [0x00000000d5e00000, 0x00000000d8880000, 0x0000000100000000)
  eden space 33280K, 2% used [0x00000000d5e00000,0x00000000d5ea6670,0x00000000d7e80000)
  from space 5120K, 0% used [0x00000000d8380000,0x00000000d8380000,0x00000000d8880000)
  to   space 5120K, 0% used [0x00000000d7e80000,0x00000000d7e80000,0x00000000d8380000)
 ParOldGen       total 87552K, used 0K [0x0000000081a00000, 0x0000000086f80000, 0x00000000d5e00000)
  object space 87552K, 0% used [0x0000000081a00000,0x0000000081a00000,0x0000000086f80000)
 Metaspace       used 746K, capacity 4480K, committed 4480K, reserved 1056768K
  class space    used 75K, capacity 384K, committed 384K, reserved 1048576K

Card table byte_map: [0x00000000125f0000,0x00000000129f0000] byte_map_base: 0x00000000121e3000

Marking Bits: (ParMarkBitMap*) 0x000000007430d850
 Begin Bits: [0x00000000130a0000, 0x0000000015038000)
 End Bits:   [0x0000000015038000, 0x0000000016fd0000)

Polling page: 0x0000000001560000

CodeCache: size=245760Kb used=328Kb max_used=328Kb free=245431Kb
 bounds [0x0000000003230000, 0x00000000034a0000, 0x0000000012230000]
 total_blobs=58 nmethods=0 adapters=38
 compilation: enabled

Compilation events (0 events):
No events

GC Heap History (0 events):
No events

Deoptimization events (0 events):
No events

Internal exceptions (0 events):
No events

Events (10 events):
Event: 0.026 loading class java/lang/Short
Event: 0.026 loading class java/lang/Short done
Event: 0.026 loading class java/lang/Integer
Event: 0.026 loading class java/lang/Integer done
Event: 0.026 loading class java/lang/Long
Event: 0.027 loading class java/lang/Long done
Event: 0.027 loading class java/lang/NullPointerException
Event: 0.027 loading class java/lang/NullPointerException done
Event: 0.027 loading class java/lang/ArithmeticException
Event: 0.027 loading class java/lang/ArithmeticException done


Dynamic libraries:
0x00007ff6ea090000 - 0x00007ff6ea0c7000 	C:\Program Files\Java\jre1.8.0_151\bin\javaw.exe
0x00007ffcbbc10000 - 0x00007ffcbbdf1000 	C:\WINDOWS\SYSTEM32\ntdll.dll
0x00007ffcbacb0000 - 0x00007ffcbad62000 	C:\WINDOWS\System32\KERNEL32.DLL
0x00007ffcb81d0000 - 0x00007ffcb8443000 	C:\WINDOWS\System32\KERNELBASE.dll
0x00007ffcbb520000 - 0x00007ffcbb5c1000 	C:\WINDOWS\System32\ADVAPI32.dll
0x00007ffcbad80000 - 0x00007ffcbae1e000 	C:\WINDOWS\System32\msvcrt.dll
0x00007ffcbb4c0000 - 0x00007ffcbb51b000 	C:\WINDOWS\System32\sechost.dll
0x00007ffcbb5d0000 - 0x00007ffcbb6f4000 	C:\WINDOWS\System32\RPCRT4.dll
0x00007ffcb90a0000 - 0x00007ffcb9230000 	C:\WINDOWS\System32\USER32.dll
0x00007ffcb9020000 - 0x00007ffcb9040000 	C:\WINDOWS\System32\win32u.dll
0x00007ffcbab00000 - 0x00007ffcbab28000 	C:\WINDOWS\System32\GDI32.dll
0x00007ffcb8c30000 - 0x00007ffcb8dc2000 	C:\WINDOWS\System32\gdi32full.dll
0x00007ffcb8dd0000 - 0x00007ffcb8e6f000 	C:\WINDOWS\System32\msvcp_win.dll
0x00007ffcb8e70000 - 0x00007ffcb8f6a000 	C:\WINDOWS\System32\ucrtbase.dll
0x00007ffca2680000 - 0x00007ffca28e9000 	C:\WINDOWS\WinSxS\amd64_microsoft.windows.common-controls_6595b64144ccf1df_6.0.17134.285_none_fb4297e330656775\COMCTL32.dll
0x00007ffcbb080000 - 0x00007ffcbb3a3000 	C:\WINDOWS\System32\combase.dll
0x00007ffcb8bb0000 - 0x00007ffcb8c2a000 	C:\WINDOWS\System32\bcryptPrimitives.dll
0x00007ffcbaf80000 - 0x00007ffcbafad000 	C:\WINDOWS\System32\IMM32.DLL
0x00000000504b0000 - 0x0000000050582000 	C:\Program Files\Java\jre1.8.0_151\bin\msvcr100.dll
0x0000000073af0000 - 0x000000007438d000 	C:\Program Files\Java\jre1.8.0_151\bin\server\jvm.dll
0x00007ffcbad70000 - 0x00007ffcbad78000 	C:\WINDOWS\System32\PSAPI.DLL
0x00007ffcb5330000 - 0x00007ffcb5353000 	C:\WINDOWS\SYSTEM32\WINMM.dll
0x00007ffcb1900000 - 0x00007ffcb190a000 	C:\WINDOWS\SYSTEM32\VERSION.dll
0x00007ffcb6b30000 - 0x00007ffcb6b39000 	C:\WINDOWS\SYSTEM32\WSOCK32.dll
0x00007ffcb5160000 - 0x00007ffcb518a000 	C:\WINDOWS\SYSTEM32\winmmbase.dll
0x00007ffcb8b60000 - 0x00007ffcb8ba9000 	C:\WINDOWS\System32\cfgmgr32.dll
0x00007ffcba7d0000 - 0x00007ffcba83c000 	C:\WINDOWS\System32\WS2_32.dll
0x00000000504a0000 - 0x00000000504af000 	C:\Program Files\Java\jre1.8.0_151\bin\verify.dll
0x0000000050470000 - 0x0000000050499000 	C:\Program Files\Java\jre1.8.0_151\bin\java.dll
0x0000000050450000 - 0x0000000050466000 	C:\Program Files\Java\jre1.8.0_151\bin\zip.dll

VM Arguments:
jvm_args: -Dfile.encoding=Cp1252 
java_command: core.GamePlay
java_class_path (initial): C:\Program Files\Java\jre1.8.0_151\lib\resources.jar;C:\Program Files\Java\jre1.8.0_151\lib\rt.jar;C:\Program Files\Java\jre1.8.0_151\lib\jsse.jar;C:\Program Files\Java\jre1.8.0_151\lib\jce.jar;C:\Program Files\Java\jre1.8.0_151\lib\charsets.jar;C:\Program Files\Java\jre1.8.0_151\lib\jfr.jar;C:\Program Files\Java\jre1.8.0_151\lib\ext\access-bridge-64.jar;C:\Program Files\Java\jre1.8.0_151\lib\ext\cldrdata.jar;C:\Program Files\Java\jre1.8.0_151\lib\ext\dnsns.jar;C:\Program Files\Java\jre1.8.0_151\lib\ext\jaccess.jar;C:\Program Files\Java\jre1.8.0_151\lib\ext\jfxrt.jar;C:\Program Files\Java\jre1.8.0_151\lib\ext\localedata.jar;C:\Program Files\Java\jre1.8.0_151\lib\ext\nashorn.jar;C:\Program Files\Java\jre1.8.0_151\lib\ext\sunec.jar;C:\Program Files\Java\jre1.8.0_151\lib\ext\sunjce_provider.jar;C:\Program Files\Java\jre1.8.0_151\lib\ext\sunmscapi.jar;C:\Program Files\Java\jre1.8.0_151\lib\ext\sunpkcs11.jar;C:\Program Files\Java\jre1.8.0_151\lib\ext\zipfs.jar;C:\Users\emmad\eclipse-workspace\BlackJackGame\target\classes;C:\Users\emmad\.p2\pool\plugins\org.junit_4.12.0.v201504281640\junit.jar
Launcher Type: SUN_STANDARD

Environment Variables:
JAVA_HOME=C:\Program Files (x86)\Java\jdk1.8.0_172
PATH=C:/Program Files/Java/jre1.8.0_171/bin/server;C:/Program Files/Java/jre1.8.0_171/bin;C:/Program Files/Java/jre1.8.0_171/lib/amd64;C:\Program Files (x86)\Common Files\Oracle\Java\javapath;C:\ProgramData\Oracle\Java\javapath;C:\Program Files (x86)\Intel\iCLS Client\;C:\Program Files\Intel\iCLS Client\;C:\WINDOWS\system32;C:\WINDOWS;C:\WINDOWS\System32\Wbem;C:\WINDOWS\System32\WindowsPowerShell\v1.0\;c:\Program Files (x86)\HP\HP Performance Advisor;c:\Program Files\Intel\WiFi\bin\;c:\Program Files\Common Files\Intel\WirelessCommon\;C:\Program Files (x86)\Intel\Intel(R) Management Engine Components\DAL;C:\Program Files\Intel\Intel(R) Management Engine Components\DAL;C:\Program Files (x86)\Intel\Intel(R) Management Engine Components\IPT;C:\Program Files\Intel\Intel(R) Management Engine Components\IPT;C:\Program Files\nodejs\;C:\Program Files (x86)\GtkSharp\2.12\bin;C:\Program Files\Java\jdk1.8.0_151\bin;C:\Program Files\dotnet\;C:\Program Files\Microsoft SQL Server\130\Tools\Binn\;C:\WINDOWS\System32\OpenSSH\;C:\Program Files\Git\cmd;C:\Users\emmad\AppData\Local\Programs\Python\Python36-32\Scripts\;C:\Users\emmad\AppData\Local\Programs\Python\Python36-32\;C:\Users\emmad\AppData\Local\Microsoft\WindowsApps;C:\Users\emmad\AppData\Roaming\npm;C:\Users\emmad\AppData\Local\atom\bin;C:\Users\emmad\Documents\2406 II\bin;%USERPROFILE%\AppData\Local\Microsoft\WindowsApps;;C:\Users\emmad\Desktop;
USERNAME=emmad
OS=Windows_NT
PROCESSOR_IDENTIFIER=Intel64 Family 6 Model 69 Stepping 1, GenuineIntel



---------------  S Y S T E M  ---------------

OS: Windows 10.0 , 64 bit Build 17134 (10.0.17134.1)

CPU:total 4 (initial active 4) (2 cores per cpu, 2 threads per core) family 6 model 69 stepping 1, cmov, cx8, fxsr, mmx, sse, sse2, sse3, ssse3, sse4.1, sse4.2, popcnt, avx, avx2, aes, clmul, erms, lzcnt, ht, tsc, tscinvbit, bmi1, bmi2

Memory: 4k page, physical 8275100k(3047256k free), swap 12469404k(5152k free)

vm_info: Java HotSpot(TM) 64-Bit Server VM (25.151-b12) for windows-amd64 JRE (1.8.0_151-b12), built on Sep  5 2017 19:33:46 by "java_re" with MS VC++ 10.0 (VS2010)

time: Wed Sep 19 13:27:21 2018
elapsed time: 0 seconds (0d 0h 0m 0s)

